Determining if the pthread_create exist failed with the following output:
Change Dir: /home/skywalker/Documents/code/ros/catkin_ws/build/CMakeFiles/CMakeTmp

Run Build Command:"/home/skywalker/miniconda3/bin/ninja" "cmTC_c3c2c"
[1/2] Building C object CMakeFiles/cmTC_c3c2c.dir/CheckSymbolExists.c.o
[2/2] Linking C executable cmTC_c3c2c
FAILED: cmTC_c3c2c 
: && /usr/bin/gcc-7   -rdynamic CMakeFiles/cmTC_c3c2c.dir/CheckSymbolExists.c.o  -o cmTC_c3c2c   && :
CMakeFiles/cmTC_c3c2c.dir/CheckSymbolExists.c.o: In function `main':
CheckSymbolExists.c:(.text+0x1b): undefined reference to `pthread_create'
collect2: error: ld returned 1 exit status
ninja: build stopped: subcommand failed.

File /home/skywalker/Documents/code/ros/catkin_ws/build/CMakeFiles/CMakeTmp/CheckSymbolExists.c:
/* */
#include <pthread.h>

int main(int argc, char** argv)
{
  (void)argv;
#ifndef pthread_create
  return ((int*)(&pthread_create))[argc];
#else
  (void)argc;
  return 0;
#endif
}

Determining if the function pthread_create exists in the pthreads failed with the following output:
Change Dir: /home/skywalker/Documents/code/ros/catkin_ws/build/CMakeFiles/CMakeTmp

Run Build Command:"/home/skywalker/miniconda3/bin/ninja" "cmTC_f2435"
[1/2] Building C object CMakeFiles/cmTC_f2435.dir/CheckFunctionExists.c.o
[2/2] Linking C executable cmTC_f2435
FAILED: cmTC_f2435 
: && /usr/bin/gcc-7 -DCHECK_FUNCTION_EXISTS=pthread_create  -rdynamic CMakeFiles/cmTC_f2435.dir/CheckFunctionExists.c.o  -o cmTC_f2435  -lpthreads && :
/usr/bin/ld: cannot find -lpthreads
collect2: error: ld returned 1 exit status
ninja: build stopped: subcommand failed.


